<?xml version="1.0" encoding="UTF-8"?>
<!-- Generated by org.testng.reporters.JUnitReportReporter -->
<testsuite hostname="Dell" name="NaukriTest.NaukriLogin" tests="1" failures="0" timestamp="9 Apr 2017 13:05:20 GMT" time="22.511" errors="0">
  <testcase name="f" time="22.511" classname="NaukriTest.NaukriLogin"/>
</testsuite> <!-- NaukriTest.NaukriLogin -->
